142 A 132 3
201 A 133 3
140 A 134 5
142 B 135 5
201 B 136 5
128 A 137 6
138 A 138 7
105 A 139 8
202 A 140 8
104 A 141 8
108 A 142 8
141 B 143 9
203 A 145 10
134 A 144 10
204 A 146 10
145 A 147 10
106 A 148 10
113 A 149 11
139 A 150 11
132 A 151 11
102 A 152 11
128 B 153 11
202 B 154 12
140 B 155 12
107 B 156 12
123 A 157 12
121 A 158 13
103 A 159 13
143 A 160 13
203 B 162 13
138 B 163 15
105 B 164 15
112 B 165 15
204 B 166 15
130 B 167 16
145 B 168 16
139 B 169 16
113 B 170 16
129 A 172 17
133 B 173 17
116 A 174 17
119 A 176 17
143 B 175 17
108 B 177 18
120 A 178 18
132 B 180 20
134 B 182 20
130 A 181 20
101 A 183 21
116 B 184 21
121 B 185 21
118 A 186 21
125 A 188 21
117 A 187 21
106 B 189 21
115 A 190 22
131 A 192 22
127 A 194 23
135 A 195 23
203 F 196 23
136 B 198 25
126 C 199 25
201 F 200 26
145 D 201 26
202 E 202 26
122 A 204 27
110 B 205 27
142 C 206 28
123 B 207 29
129 B 208 30
105 C 209 30
137 B 210 31
111 A 211 33
144 B 213 33
112 A 214 34
202 F 215 35
125 B 216 35
203 C 217 36
117 B 218 37
114 B 219 37
102 B 220 38
144 A 223 38
142 D 224 38
103 B 225 38
109 A 227 39
139 E 229 40
101 B 228 40
118 B 230 40
143 C 231 41
105 D 232 42
115 B 233 42
137 A 234 43
201 G 235 44
114 A 237 44
126 A 238 45
202 D 239 46
127 B 240 46
203 D 242 46
135 B 243 47
109 B 244 49
107 F 246 49
133 A 248 51
113 D 249 51
204 E 252 52
128 F 256 53
111 B 258 53
124 A 260 55
126 B 261 55
105 F 265 58
203 E 267 59
142 E 269 59
201 H 268 59
131 B 273 61
124 B 274 62
144 F 277 63
104 B 278 63
140 D 279 64
128 D 284 69
108 C 285 69
201 D 287 70
202 H 288 70
117 E 292 71
141 A 295 72
113 F 296 73
112 C 297 74
140 F 300 75
203 G 301 75
122 D 305 77
144 E 307 78
131 D 313 80
123 C 314 80
142 F 319 83
201 E 323 86
202 C 324 86
110 A 325 87
102 C 327 88
130 C 328 89
145 E 329 90
112 E 331 92
138 E 336 95
143 E 337 95
203 H 340 96
126 F 350 99
202 G 352 100
132 D 355 101
128 G 358 102
139 D 359 102
119 B 360 103
136 C 361 104
130 D 363 106
201 C 364 107
144 D 365 108
145 F 366 110
143 F 368 110
204 G 369 111
117 D 370 112
103 D 371 113
126 D 375 116
143 D 378 119
123 D 382 122
132 F 383 122
128 E 384 123
204 F 385 125
108 F 388 126
109 C 386 126
138 C 391 129
125 C 392 129
106 D 393 130
136 A 394 131
122 B 399 134
128 C 400 136
204 D 401 137
133 D 403 138
124 F 404 138
117 F 405 139
116 C 408 140
132 E 410 149
131 F 412 151
116 F 413 151
142 G 415 154
127 D 416 157
108 D 417 158
120 B 423 161
116 D 427 164
138 D 428 164
130 F 430 167
120 F 434 169
112 D 436 171
130 E 440 174
113 E 447 178
103 F 451 179
139 F 456 181
128 H 457 182
105 E 458 183
131 C 462 184
138 F 463 185
124 C 466 186
204 H 468 187
116 E 472 189
136 F 476 191
145 H 480 194
137 D 488 199
103 E 494 203
123 E 496 204
140 E 497 204
113 C 498 205
124 D 502 206
115 D 508 210
117 C 510 211
108 E 515 215
127 E 521 219
131 E 525 221
144 C 546 231
139 C 567 236
105 G 572 237
